app/build/outputs/logs/manifest-merger-debug-report.txt
-- Merging decision tree log ---
manifest
ADDED from src\main\AndroidManifest.xml:2:1-245:12
INJECTED from src\main\AndroidManifest.xml:2:1-245:12
INJECTED from src\main\AndroidManifest.xml:2:1-245:12
INJECTED from src\main\AndroidManifest.xml:2:1-245:12
MERGED from [com.zhy:autolayout:1.4.5] AndroidManifest.xml:2:1-12:12
MERGED from [com.facebook.fresco:fresco:2.5.0] AndroidManifest.xml:2:1-9:12
MERGED from [com.jakewharton.rxbinding2:rxbinding:2.2.0] AndroidManifest.xml:2:1-7:12
MERGED from [com.android.support:support-v13:27.1.1] AndroidManifest.xml:17:1-22:12
MERGED from [com.android.support:design:27.1.1] AndroidManifest.xml:17:1-22:12
MERGED from [com.android.support:appcompat-v7:27.1.1] AndroidManifest.xml:17:1-22:12
MERGED from [com.android.support.constraint:constraint-layout:1.1.2] AndroidManifest.xml:2:1-11:12
MERGED from [com.android.support:support-v4:27.1.1] AndroidManifest.xml:17:1-22:12
MERGED from [com.jakewharton:butterknife:8.8.1] AndroidManifest.xml:2:1-7:12
MERGED from [com.github.bumptech.glide:glide:4.8.0] AndroidManifest.xml:2:1-12:12
MERGED from [com.facebook.fresco:drawee:2.5.0] AndroidManifest.xml:2:1-9:12
MERGED from [com.facebook.fresco:nativeimagefilters:2.5.0] AndroidManifest.xml:2:1-9:12
MERGED from [com.facebook.fresco:memory-type-native:2.5.0] AndroidManifest.xml:2:1-9:12
MERGED from [com.facebook.fresco:memory-type-java:2.5.0] AndroidManifest.xml:2:1-9:12
MERGED from [com.facebook.fresco:imagepipeline-native:2.5.0] AndroidManifest.xml:2:1-9:12
MERGED from [com.facebook.fresco:memory-type-ashmem:2.5.0] AndroidManifest.xml:2:1-9:12
MERGED from [com.facebook.fresco:imagepipeline:2.5.0] AndroidManifest.xml:2:1-9:12
MERGED from [com.facebook.fresco:nativeimagetranscoder:2.5.0] AndroidManifest.xml:2:1-9:12
MERGED from [com.facebook.fresco:soloader:2.5.0] AndroidManifest.xml:2:1-9:12
MERGED from [com.facebook.fresco:middleware:2.5.0] AndroidManifest.xml:2:1-9:12
MERGED from [com.facebook.fresco:ui-common:2.5.0] AndroidManifest.xml:2:1-9:12
MERGED from [com.facebook.fresco:imagepipeline-base:2.5.0] AndroidManifest.xml:2:1-9:12
MERGED from [com.facebook.fresco:fbcore:2.5.0] AndroidManifest.xml:2:1-9:12
MERGED from [com.facebook.soloader:soloader:0.10.1] AndroidManifest.xml:2:1-13:12
MERGED from [io.reactivex.rxjava2:rxandroid:2.1.0] AndroidManifest.xml:15:1-20:12
MERGED from [com.android.support:support-fragment:27.1.1] AndroidManifest.xml:17:1-22:12
MERGED from [com.android.support:animated-vector-drawable:27.1.1] AndroidManifest.xml:17:1-22:12
MERGED from [com.android.support:recyclerview-v7:27.1.1] AndroidManifest.xml:17:1-22:12
MERGED from [com.android.support:support-core-ui:27.1.1] AndroidManifest.xml:17:1-22:12
MERGED from [com.android.support:support-core-utils:27.1.1] AndroidManifest.xml:17:1-22:12
MERGED from [com.android.support:support-vector-drawable:27.1.1] AndroidManifest.xml:17:1-22:12
MERGED from [com.android.support:transition:27.1.1] AndroidManifest.xml:17:1-22:12
MERGED from [com.android.support:support-media-compat:27.1.1] AndroidManifest.xml:17:1-22:12
MERGED from [com.android.support:support-compat:27.1.1] AndroidManifest.xml:17:1-22:12
MERGED from [com.github.bumptech.glide:gifdecoder:4.8.0] AndroidManifest.xml:2:1-11:12
MERGED from [android.arch.lifecycle:livedata-core:1.1.0] AndroidManifest.xml:17:1-22:12
MERGED from [android.arch.lifecycle:viewmodel:1.1.0] AndroidManifest.xml:17:1-22:12
MERGED from [android.arch.lifecycle:runtime:1.1.0] AndroidManifest.xml:17:1-22:12
MERGED from [android.arch.core:runtime:1.1.0] AndroidManifest.xml:17:1-22:12
INJECTED from src\main\AndroidManifest.xml:2:1-245:12
INJECTED from src\main\AndroidManifest.xml:2:1-245:12
INJECTED from src\main\AndroidManifest.xml:2:1-245:12
	package
		ADDED from src\main\AndroidManifest.xml:4:5-28
		INJECTED from src\main\AndroidManifest.xml
		INJECTED from src\main\AndroidManifest.xml
	android:versionName
		ADDED from src\main\AndroidManifest.xml:7:5-32
		INJECTED from src\main\AndroidManifest.xml
		INJECTED from src\main\AndroidManifest.xml
	xmlns:tools
		ADDED from src\main\AndroidManifest.xml:3:5-51
	xmlns:android
		ADDED from src\main\AndroidManifest.xml:2:11-69
	android:versionCode
		ADDED from src\main\AndroidManifest.xml:6:5-28
		INJECTED from src\main\AndroidManifest.xml
		INJECTED from src\main\AndroidManifest.xml
	android:installLocation
		ADDED from src\main\AndroidManifest.xml:5:5-35
uses-feature#android.hardware.usb.accessory
ADDED from src\main\AndroidManifest.xml:14:5-67
	android:name
		ADDED from src\main\AndroidManifest.xml:14:19-64
uses-permission#android.permission.READ_CONTACTS
ADDED from src\main\AndroidManifest.xml:15:5-72
	android:name
		ADDED from src\main\AndroidManifest.xml:15:22-69
uses-permission#android.permission.WRITE_CONTACTS
ADDED from src\main\AndroidManifest.xml:16:5-73
	android:name
		ADDED from src\main\AndroidManifest.xml:16:22-70
uses-permission#android.permission.BLUETOOTH_ADMIN
ADDED from src\main\AndroidManifest.xml:17:5-74
	android:name
		ADDED from src\main\AndroidManifest.xml:17:22-71
uses-permission#android.permission.BLUETOOTH
ADDED from src\main\AndroidManifest.xml:18:5-68
	android:name
		ADDED from src\main\AndroidManifest.xml:18:22-65
uses-permission#android.permission.ACCESS_FINE_LOCATION
ADDED from src\main\AndroidManifest.xml:19:5-79
	android:name
		ADDED from src\main\AndroidManifest.xml:19:22-76
uses-permission#android.permission.ACCESS_COARSE_LOCATION
ADDED from src\main\AndroidManifest.xml:20:5-81
	android:name
		ADDED from src\main\AndroidManifest.xml:20:22-78
uses-permission#android.permission.ACCESS_MOCK_LOCATION
ADDED from src\main\AndroidManifest.xml:21:5-79
	android:name
		ADDED from src\main\AndroidManifest.xml:21:22-76
uses-permission#android.permission.INTERNET
ADDED from src\main\AndroidManifest.xml:22:5-67
	android:name
		ADDED from src\main\AndroidManifest.xml:22:22-64
uses-permission#android.permission.ACCESS_WIFI_STATE
ADDED from src\main\AndroidManifest.xml:23:5-75
	android:name
		ADDED from src\main\AndroidManifest.xml:23:22-73
uses-permission#android.permission.ACCESS_NETWORK_STATE
ADDED from src\main\AndroidManifest.xml:24:5-79
	android:name
		ADDED from src\main\AndroidManifest.xml:24:22-76
uses-permission#android.permission.WRITE_SETTINGS
ADDED from src\main\AndroidManifest.xml:25:5-73
	android:name
		ADDED from src\main\AndroidManifest.xml:25:22-70
uses-permission#android.permission.WRITE_EXTERNAL_STORAGE
ADDED from src\main\AndroidManifest.xml:26:5-81
	android:name
		ADDED from src\main\AndroidManifest.xml:26:22-78
uses-permission#android.permission.READ_EXTERNAL_STORAGE
ADDED from src\main\AndroidManifest.xml:27:5-80
	android:name
		ADDED from src\main\AndroidManifest.xml:27:22-77
uses-permission#android.permission.RESTART_PACKAGES
ADDED from src\main\AndroidManifest.xml:28:5-75
	android:name
		ADDED from src\main\AndroidManifest.xml:28:22-72
uses-permission#android.permission.CAMERA
ADDED from src\main\AndroidManifest.xml:29:5-65
	android:name
		ADDED from src\main\AndroidManifest.xml:29:22-62
uses-permission#android.permission.RECORD_AUDIO
ADDED from src\main\AndroidManifest.xml:30:5-71
	android:name
		ADDED from src\main\AndroidManifest.xml:30:22-68
uses-permission#android.permission.FLASHLIGHT
ADDED from src\main\AndroidManifest.xml:31:5-69
	android:name
		ADDED from src\main\AndroidManifest.xml:31:22-66
uses-permission#android.permission.GET_ACCOUNTS
ADDED from src\main\AndroidManifest.xml:32:5-71
	android:name
		ADDED from src\main\AndroidManifest.xml:32:22-68
uses-permission#android.permission.WAKE_LOCK
ADDED from src\main\AndroidManifest.xml:34:5-68
	android:name
		ADDED from src\main\AndroidManifest.xml:34:22-65
uses-permission#android.permission.VIBRATE
ADDED from src\main\AndroidManifest.xml:35:5-66
	android:name
		ADDED from src\main\AndroidManifest.xml:35:22-63
uses-permission#android.permission.STATUS_BAR_SERVICE
ADDED from src\main\AndroidManifest.xml:36:5-37:46
	tools:ignore
		ADDED from src\main\AndroidManifest.xml:37:9-44
	android:name
		ADDED from src\main\AndroidManifest.xml:36:22-74
supports-screens
ADDED from src\main\AndroidManifest.xml:39:5-43:39
	android:largeScreens
		ADDED from src\main\AndroidManifest.xml:41:9-36
	android:smallScreens
		ADDED from src\main\AndroidManifest.xml:43:9-36
	android:normalScreens
		ADDED from src\main\AndroidManifest.xml:42:9-37
	android:anyDensity
		ADDED from src\main\AndroidManifest.xml:40:9-34
application
ADDED from src\main\AndroidManifest.xml:46:5-241:19
MERGED from [com.android.support.constraint:constraint-layout:1.1.2] AndroidManifest.xml:9:5-20
MERGED from [com.android.support.constraint:constraint-layout:1.1.2] AndroidManifest.xml:9:5-20
MERGED from [com.github.bumptech.glide:glide:4.8.0] AndroidManifest.xml:10:5-20
MERGED from [com.github.bumptech.glide:glide:4.8.0] AndroidManifest.xml:10:5-20
MERGED from [com.facebook.soloader:soloader:0.10.1] AndroidManifest.xml:11:5-20
MERGED from [com.facebook.soloader:soloader:0.10.1] AndroidManifest.xml:11:5-20
MERGED from [com.github.bumptech.glide:gifdecoder:4.8.0] AndroidManifest.xml:9:5-20
MERGED from [com.github.bumptech.glide:gifdecoder:4.8.0] AndroidManifest.xml:9:5-20
	android:label
		ADDED from src\main\AndroidManifest.xml:48:9-41
	android:icon
		ADDED from src\main\AndroidManifest.xml:47:9-38
	android:theme
		ADDED from src\main\AndroidManifest.xml:49:9-50
uses-library#com.android.future.usb.accessory
ADDED from src\main\AndroidManifest.xml:50:9-73
	android:name
		ADDED from src\main\AndroidManifest.xml:50:23-70
activity#android.HH100.MainActivity
ADDED from src\main\AndroidManifest.xml:52:9-69:20
	android:screenOrientation
		ADDED from src\main\AndroidManifest.xml:57:13-50
	android:label
		ADDED from src\main\AndroidManifest.xml:55:13-45
	android:launchMode
		ADDED from src\main\AndroidManifest.xml:56:13-43
	android:configChanges
		ADDED from src\main\AndroidManifest.xml:54:13-51
	android:theme
		ADDED from src\main\AndroidManifest.xml:58:13-77
	android:name
		ADDED from src\main\AndroidManifest.xml:53:13-54
intent-filter#action:name:android.intent.action.MAIN+category:name:android.intent.category.LAUNCHER
ADDED from src\main\AndroidManifest.xml:59:13-63:29
action#android.intent.action.MAIN
ADDED from src\main\AndroidManifest.xml:60:17-69
	android:name
		ADDED from src\main\AndroidManifest.xml:60:25-66
category#android.intent.category.LAUNCHER
ADDED from src\main\AndroidManifest.xml:62:17-77
	android:name
		ADDED from src\main\AndroidManifest.xml:62:27-74
receiver#android.HH100.WifiReceiver
ADDED from src\main\AndroidManifest.xml:71:9-76:20
	android:name
		ADDED from src\main\AndroidManifest.xml:71:19-60
intent-filter#action:name:android.net.conn.CONNECTIVITY_CHANGE+action:name:android.net.wifi.STATE_CHANGE
ADDED from src\main\AndroidManifest.xml:72:13-75:29
	android:priority
		ADDED from src\main\AndroidManifest.xml:72:28-50
action#android.net.conn.CONNECTIVITY_CHANGE
ADDED from src\main\AndroidManifest.xml:73:17-78
	android:name
		ADDED from src\main\AndroidManifest.xml:73:25-76
action#android.net.wifi.STATE_CHANGE
ADDED from src\main\AndroidManifest.xml:74:17-71
	android:name
		ADDED from src\main\AndroidManifest.xml:74:25-69
activity#android.HH100.RealTimeActivity
ADDED from src\main\AndroidManifest.xml:78:9-83:20
	android:screenOrientation
		ADDED from src\main\AndroidManifest.xml:81:13-50
	android:label
		ADDED from src\main\AndroidManifest.xml:80:13-45
	android:theme
		ADDED from src\main\AndroidManifest.xml:82:13-66
	android:name
		ADDED from src\main\AndroidManifest.xml:79:13-58
activity#android.HH100.Dialog.UsbDlg
ADDED from src\main\AndroidManifest.xml:84:9-96:20
	android:label
		ADDED from src\main\AndroidManifest.xml:86:13-45
	android:launchMode
		ADDED from src\main\AndroidManifest.xml:87:13-48
	android:theme
		ADDED from src\main\AndroidManifest.xml:88:13-56
	android:name
		ADDED from src\main\AndroidManifest.xml:85:13-55
intent-filter#action:name:android.hardware.usb.action.USB_ACCESSORY_ATTACHED
ADDED from src\main\AndroidManifest.xml:89:13-91:29
action#android.hardware.usb.action.USB_ACCESSORY_ATTACHED
ADDED from src\main\AndroidManifest.xml:90:17-93
	android:name
		ADDED from src\main\AndroidManifest.xml:90:25-90
meta-data#android.hardware.usb.action.USB_ACCESSORY_ATTACHED
ADDED from src\main\AndroidManifest.xml:93:13-95:52
	android:resource
		ADDED from src\main\AndroidManifest.xml:95:17-49
	android:name
		ADDED from src\main\AndroidManifest.xml:94:17-82
activity#android.HH100.SetupSpectrumActivity
ADDED from src\main\AndroidManifest.xml:97:9-102:20
	android:label
		ADDED from src\main\AndroidManifest.xml:100:13-44
	android:configChanges
		ADDED from src\main\AndroidManifest.xml:99:13-63
	android:theme
		ADDED from src\main\AndroidManifest.xml:101:13-71
	android:name
		ADDED from src\main\AndroidManifest.xml:98:13-63
activity#android.HH100.IDspectrumActivity
ADDED from src\main\AndroidManifest.xml:103:9-107:20
	android:label
		ADDED from src\main\AndroidManifest.xml:106:13-55
	android:configChanges
		ADDED from src\main\AndroidManifest.xml:105:13-63
	android:name
		ADDED from src\main\AndroidManifest.xml:104:13-60
activity#android.HH100.SequentialActivity
ADDED from src\main\AndroidManifest.xml:108:9-112:20
	android:label
		ADDED from src\main\AndroidManifest.xml:111:13-55
	android:configChanges
		ADDED from src\main\AndroidManifest.xml:110:13-63
	android:name
		ADDED from src\main\AndroidManifest.xml:109:13-60
activity#android.HH100.EventLogActivity
ADDED from src\main\AndroidManifest.xml:113:9-118:20
	android:screenOrientation
		ADDED from src\main\AndroidManifest.xml:116:13-50
	android:label
		ADDED from src\main\AndroidManifest.xml:115:13-51
	android:theme
		ADDED from src\main\AndroidManifest.xml:117:13-54
	android:name
		ADDED from src\main\AndroidManifest.xml:114:13-58
activity#android.HH100.EventListActivity
ADDED from src\main\AndroidManifest.xml:119:9-123:20
	android:label
		ADDED from src\main\AndroidManifest.xml:121:13-46
	android:theme
		ADDED from src\main\AndroidManifest.xml:122:13-54
	android:name
		ADDED from src\main\AndroidManifest.xml:120:13-59
activity#android.HH100.Dialog.LoginDlg
ADDED from src\main\AndroidManifest.xml:124:9-128:20
	android:label
		ADDED from src\main\AndroidManifest.xml:126:13-42
	android:theme
		ADDED from src\main\AndroidManifest.xml:127:13-61
	android:name
		ADDED from src\main\AndroidManifest.xml:125:13-57
activity#android.HH100.TextDlg
ADDED from src\main\AndroidManifest.xml:129:9-133:20
	android:label
		ADDED from src\main\AndroidManifest.xml:131:13-36
	android:theme
		ADDED from src\main\AndroidManifest.xml:132:13-56
	android:name
		ADDED from src\main\AndroidManifest.xml:130:13-49
activity#android.HH100.Dialog.DeviceListActivity
ADDED from src\main\AndroidManifest.xml:134:9-139:16
	android:label
		ADDED from src\main\AndroidManifest.xml:137:9-43
	android:configChanges
		ADDED from src\main\AndroidManifest.xml:136:9-59
	android:theme
		ADDED from src\main\AndroidManifest.xml:138:9-57
	android:name
		ADDED from src\main\AndroidManifest.xml:135:9-63
activity#android.HH100.Dialog.RadresponderEventListActivity
ADDED from src\main\AndroidManifest.xml:140:9-145:20
	android:label
		ADDED from src\main\AndroidManifest.xml:143:9-61
	android:configChanges
		ADDED from src\main\AndroidManifest.xml:142:9-59
	android:theme
		ADDED from src\main\AndroidManifest.xml:144:9-57
	android:name
		ADDED from src\main\AndroidManifest.xml:141:9-74
activity#android.HH100.Dialog.RadresponderSponsorListActivity
ADDED from src\main\AndroidManifest.xml:146:9-150:20
	android:label
		ADDED from src\main\AndroidManifest.xml:149:13-62
	android:theme
		ADDED from src\main\AndroidManifest.xml:148:13-61
	android:name
		ADDED from src\main\AndroidManifest.xml:147:13-80
activity#android.HH100.Dialog.RadresponderEventTypeListActivity
ADDED from src\main\AndroidManifest.xml:151:9-155:20
	android:label
		ADDED from src\main\AndroidManifest.xml:154:13-65
	android:theme
		ADDED from src\main\AndroidManifest.xml:153:13-61
	android:name
		ADDED from src\main\AndroidManifest.xml:152:13-82
activity#android.HH100.AutoCalibActivity
ADDED from src\main\AndroidManifest.xml:156:9-161:20
	android:label
		ADDED from src\main\AndroidManifest.xml:158:13-55
	android:launchMode
		ADDED from src\main\AndroidManifest.xml:159:13-44
	android:theme
		ADDED from src\main\AndroidManifest.xml:160:13-54
	android:name
		ADDED from src\main\AndroidManifest.xml:157:13-59
activity#android.HH100.Dialog.EmailSetupActivity
ADDED from src\main\AndroidManifest.xml:162:9-166:20
	android:label
		ADDED from src\main\AndroidManifest.xml:164:13-40
	android:theme
		ADDED from src\main\AndroidManifest.xml:165:13-73
	android:name
		ADDED from src\main\AndroidManifest.xml:163:13-67
activity#android.HH100.PreferenceActivity
ADDED from src\main\AndroidManifest.xml:167:9-172:20
	android:screenOrientation
		ADDED from src\main\AndroidManifest.xml:170:13-50
	android:label
		ADDED from src\main\AndroidManifest.xml:169:13-42
	android:theme
		ADDED from src\main\AndroidManifest.xml:171:13-77
	android:name
		ADDED from src\main\AndroidManifest.xml:168:13-60
activity#android.HH100.LogActivity.LogTabActivity
ADDED from src\main\AndroidManifest.xml:173:9-177:20
	android:label
		ADDED from src\main\AndroidManifest.xml:175:13-46
	android:theme
		ADDED from src\main\AndroidManifest.xml:176:13-54
	android:name
		ADDED from src\main\AndroidManifest.xml:174:13-68
activity#android.HH100.LogActivity.LogInfoTab
ADDED from src\main\AndroidManifest.xml:178:9-182:20
	android:label
		ADDED from src\main\AndroidManifest.xml:180:13-46
	android:theme
		ADDED from src\main\AndroidManifest.xml:181:13-54
	android:name
		ADDED from src\main\AndroidManifest.xml:179:13-64
activity#android.HH100.LogActivity.LogPhotoTab
ADDED from src\main\AndroidManifest.xml:183:9-192:20
	android:label
		ADDED from src\main\AndroidManifest.xml:185:13-44
	android:theme
		ADDED from src\main\AndroidManifest.xml:186:13-54
	android:name
		ADDED from src\main\AndroidManifest.xml:184:13-65
intent-filter#action:name:android.intent.action.VIEW
ADDED from src\main\AndroidManifest.xml:187:13-189:29
action#android.intent.action.VIEW
ADDED from src\main\AndroidManifest.xml:188:17-69
	android:name
		ADDED from src\main\AndroidManifest.xml:188:25-66
category#android.intent.category.DEFAULT
ADDED from src\main\AndroidManifest.xml:191:13-72
	android:name
		ADDED from src\main\AndroidManifest.xml:191:23-69
activity#android.HH100.RadresponderActivity
ADDED from src\main\AndroidManifest.xml:193:9-197:20
	android:label
		ADDED from src\main\AndroidManifest.xml:195:13-45
	android:theme
		ADDED from src\main\AndroidManifest.xml:196:13-56
	android:name
		ADDED from src\main\AndroidManifest.xml:194:13-62
activity#android.HH100.RadresponderSponsorActivity
ADDED from src\main\AndroidManifest.xml:198:9-202:20
	android:label
		ADDED from src\main\AndroidManifest.xml:200:13-45
	android:theme
		ADDED from src\main\AndroidManifest.xml:201:13-56
	android:name
		ADDED from src\main\AndroidManifest.xml:199:13-69
activity#android.HH100.RecActivity
ADDED from src\main\AndroidManifest.xml:203:9-206:20
	android:label
		ADDED from src\main\AndroidManifest.xml:205:13-45
	android:name
		ADDED from src\main\AndroidManifest.xml:204:13-53
activity#android.HH100.Service.Guide
ADDED from src\main\AndroidManifest.xml:207:9-212:20
	android:screenOrientation
		ADDED from src\main\AndroidManifest.xml:210:13-50
	android:label
		ADDED from src\main\AndroidManifest.xml:209:13-45
	android:theme
		ADDED from src\main\AndroidManifest.xml:211:13-77
	android:name
		ADDED from src\main\AndroidManifest.xml:208:13-55
activity#android.HH100.CameraUtil.Camera2Activity
ADDED from src\main\AndroidManifest.xml:213:9-219:20
	android:screenOrientation
		ADDED from src\main\AndroidManifest.xml:215:13-50
	android:windowSoftInputMode
		ADDED from src\main\AndroidManifest.xml:216:13-60
	android:configChanges
		ADDED from src\main\AndroidManifest.xml:218:13-119
	android:theme
		ADDED from src\main\AndroidManifest.xml:217:13-77
	android:name
		ADDED from src\main\AndroidManifest.xml:214:13-68
activity#android.HH100.CameraUtil.VideoActivity
ADDED from src\main\AndroidManifest.xml:220:9-223:20
	android:screenOrientation
		ADDED from src\main\AndroidManifest.xml:222:13-50
	android:theme
		ADDED from src\main\AndroidManifest.xml:221:13-77
	android:name
		ADDED from src\main\AndroidManifest.xml:220:19-59
service#android.HH100.TCPServerService
ADDED from src\main\AndroidManifest.xml:225:9-226:60
	android:name
		ADDED from src\main\AndroidManifest.xml:226:13-58
provider#android.support.v4.content.FileProvider
ADDED from src\main\AndroidManifest.xml:229:9-238:20
	android:grantUriPermissions
		ADDED from src\main\AndroidManifest.xml:233:13-47
	android:authorities
		ADDED from src\main\AndroidManifest.xml:231:13-56
	android:exported
		ADDED from src\main\AndroidManifest.xml:232:13-37
	android:name
		ADDED from src\main\AndroidManifest.xml:230:13-67
meta-data#android.support.FILE_PROVIDER_PATHS
ADDED from src\main\AndroidManifest.xml:235:13-237:53
	android:resource
		ADDED from src\main\AndroidManifest.xml:237:17-50
	android:name
		ADDED from src\main\AndroidManifest.xml:236:17-67
uses-sdk
INJECTED from src\main\AndroidManifest.xml reason: use-sdk injection requested
INJECTED from src\main\AndroidManifest.xml
INJECTED from src\main\AndroidManifest.xml
MERGED from [com.zhy:autolayout:1.4.5] AndroidManifest.xml:8:5-10:41
MERGED from [com.zhy:autolayout:1.4.5] AndroidManifest.xml:8:5-10:41
MERGED from [com.facebook.fresco:fresco:2.5.0] AndroidManifest.xml:5:5-7:41
MERGED from [com.facebook.fresco:fresco:2.5.0] AndroidManifest.xml:5:5-7:41
MERGED from [com.jakewharton.rxbinding2:rxbinding:2.2.0] AndroidManifest.xml:5:5-44
MERGED from [com.jakewharton.rxbinding2:rxbinding:2.2.0] AndroidManifest.xml:5:5-44
MERGED from [com.android.support:support-v13:27.1.1] AndroidManifest.xml:20:5-44
MERGED from [com.android.support:support-v13:27.1.1] AndroidManifest.xml:20:5-44
MERGED from [com.android.support:design:27.1.1] AndroidManifest.xml:20:5-44
MERGED from [com.android.support:design:27.1.1] AndroidManifest.xml:20:5-44
MERGED from [com.android.support:appcompat-v7:27.1.1] AndroidManifest.xml:20:5-44
MERGED from [com.android.support:appcompat-v7:27.1.1] AndroidManifest.xml:20:5-44
MERGED from [com.android.support.constraint:constraint-layout:1.1.2] AndroidManifest.xml:5:5-7:41
MERGED from [com.android.support.constraint:constraint-layout:1.1.2] AndroidManifest.xml:5:5-7:41
MERGED from [com.android.support:support-v4:27.1.1] AndroidManifest.xml:20:5-44
MERGED from [com.android.support:support-v4:27.1.1] AndroidManifest.xml:20:5-44
MERGED from [com.jakewharton:butterknife:8.8.1] AndroidManifest.xml:5:5-43
MERGED from [com.jakewharton:butterknife:8.8.1] AndroidManifest.xml:5:5-43
MERGED from [com.github.bumptech.glide:glide:4.8.0] AndroidManifest.xml:6:5-8:41
MERGED from [com.github.bumptech.glide:glide:4.8.0] AndroidManifest.xml:6:5-8:41
MERGED from [com.facebook.fresco:drawee:2.5.0] AndroidManifest.xml:5:5-7:41
MERGED from [com.facebook.fresco:drawee:2.5.0] AndroidManifest.xml:5:5-7:41
MERGED from [com.facebook.fresco:nativeimagefilters:2.5.0] AndroidManifest.xml:5:5-7:41
MERGED from [com.facebook.fresco:nativeimagefilters:2.5.0] AndroidManifest.xml:5:5-7:41
MERGED from [com.facebook.fresco:memory-type-native:2.5.0] AndroidManifest.xml:5:5-7:41
MERGED from [com.facebook.fresco:memory-type-native:2.5.0] AndroidManifest.xml:5:5-7:41
MERGED from [com.facebook.fresco:memory-type-java:2.5.0] AndroidManifest.xml:5:5-7:41
MERGED from [com.facebook.fresco:memory-type-java:2.5.0] AndroidManifest.xml:5:5-7:41
MERGED from [com.facebook.fresco:imagepipeline-native:2.5.0] AndroidManifest.xml:5:5-7:41
MERGED from [com.facebook.fresco:imagepipeline-native:2.5.0] AndroidManifest.xml:5:5-7:41
MERGED from [com.facebook.fresco:memory-type-ashmem:2.5.0] AndroidManifest.xml:5:5-7:41
MERGED from [com.facebook.fresco:memory-type-ashmem:2.5.0] AndroidManifest.xml:5:5-7:41
MERGED from [com.facebook.fresco:imagepipeline:2.5.0] AndroidManifest.xml:5:5-7:41
MERGED from [com.facebook.fresco:imagepipeline:2.5.0] AndroidManifest.xml:5:5-7:41
MERGED from [com.facebook.fresco:nativeimagetranscoder:2.5.0] AndroidManifest.xml:5:5-7:41
MERGED from [com.facebook.fresco:nativeimagetranscoder:2.5.0] AndroidManifest.xml:5:5-7:41
MERGED from [com.facebook.fresco:soloader:2.5.0] AndroidManifest.xml:5:5-7:41
MERGED from [com.facebook.fresco:soloader:2.5.0] AndroidManifest.xml:5:5-7:41
MERGED from [com.facebook.fresco:middleware:2.5.0] AndroidManifest.xml:5:5-7:41
MERGED from [com.facebook.fresco:middleware:2.5.0] AndroidManifest.xml:5:5-7:41
MERGED from [com.facebook.fresco:ui-common:2.5.0] AndroidManifest.xml:5:5-7:41
MERGED from [com.facebook.fresco:ui-common:2.5.0] AndroidManifest.xml:5:5-7:41
MERGED from [com.facebook.fresco:imagepipeline-base:2.5.0] AndroidManifest.xml:5:5-7:41
MERGED from [com.facebook.fresco:imagepipeline-base:2.5.0] AndroidManifest.xml:5:5-7:41
MERGED from [com.facebook.fresco:fbcore:2.5.0] AndroidManifest.xml:5:5-7:41
MERGED from [com.facebook.fresco:fbcore:2.5.0] AndroidManifest.xml:5:5-7:41
MERGED from [com.facebook.soloader:soloader:0.10.1] AndroidManifest.xml:7:5-9:41
MERGED from [com.facebook.soloader:soloader:0.10.1] AndroidManifest.xml:7:5-9:41
MERGED from [io.reactivex.rxjava2:rxandroid:2.1.0] AndroidManifest.xml:18:5-43
MERGED from [io.reactivex.rxjava2:rxandroid:2.1.0] AndroidManifest.xml:18:5-43
MERGED from [com.android.support:support-fragment:27.1.1] AndroidManifest.xml:20:5-44
MERGED from [com.android.support:support-fragment:27.1.1] AndroidManifest.xml:20:5-44
MERGED from [com.android.support:animated-vector-drawable:27.1.1] AndroidManifest.xml:20:5-44
MERGED from [com.android.support:animated-vector-drawable:27.1.1] AndroidManifest.xml:20:5-44
MERGED from [com.android.support:recyclerview-v7:27.1.1] AndroidManifest.xml:20:5-44
MERGED from [com.android.support:recyclerview-v7:27.1.1] AndroidManifest.xml:20:5-44
MERGED from [com.android.support:support-core-ui:27.1.1] AndroidManifest.xml:20:5-44
MERGED from [com.android.support:support-core-ui:27.1.1] AndroidManifest.xml:20:5-44
MERGED from [com.android.support:support-core-utils:27.1.1] AndroidManifest.xml:20:5-44
MERGED from [com.android.support:support-core-utils:27.1.1] AndroidManifest.xml:20:5-44
MERGED from [com.android.support:support-vector-drawable:27.1.1] AndroidManifest.xml:20:5-44
MERGED from [com.android.support:support-vector-drawable:27.1.1] AndroidManifest.xml:20:5-44
MERGED from [com.android.support:transition:27.1.1] AndroidManifest.xml:20:5-44
MERGED from [com.android.support:transition:27.1.1] AndroidManifest.xml:20:5-44
MERGED from [com.android.support:support-media-compat:27.1.1] AndroidManifest.xml:20:5-44
MERGED from [com.android.support:support-media-compat:27.1.1] AndroidManifest.xml:20:5-44
MERGED from [com.android.support:support-compat:27.1.1] AndroidManifest.xml:20:5-44
MERGED from [com.android.support:support-compat:27.1.1] AndroidManifest.xml:20:5-44
MERGED from [com.github.bumptech.glide:gifdecoder:4.8.0] AndroidManifest.xml:5:5-7:41
MERGED from [com.github.bumptech.glide:gifdecoder:4.8.0] AndroidManifest.xml:5:5-7:41
MERGED from [android.arch.lifecycle:livedata-core:1.1.0] AndroidManifest.xml:20:5-44
MERGED from [android.arch.lifecycle:livedata-core:1.1.0] AndroidManifest.xml:20:5-44
MERGED from [android.arch.lifecycle:viewmodel:1.1.0] AndroidManifest.xml:20:5-44
MERGED from [android.arch.lifecycle:viewmodel:1.1.0] AndroidManifest.xml:20:5-44
MERGED from [android.arch.lifecycle:runtime:1.1.0] AndroidManifest.xml:20:5-44
MERGED from [android.arch.lifecycle:runtime:1.1.0] AndroidManifest.xml:20:5-44
MERGED from [android.arch.core:runtime:1.1.0] AndroidManifest.xml:20:5-44
MERGED from [android.arch.core:runtime:1.1.0] AndroidManifest.xml:20:5-44
INJECTED from src\main\AndroidManifest.xml
INJECTED from src\main\AndroidManifest.xml
	android:targetSdkVersion
		INJECTED from src\main\AndroidManifest.xml
		ADDED from src\main\AndroidManifest.xml
		INJECTED from src\main\AndroidManifest.xml
	android:minSdkVersion
		INJECTED from src\main\AndroidManifest.xml
		ADDED from src\main\AndroidManifest.xml
		INJECTED from src\main\AndroidManifest.xml